2024-12-09 03:12:14,179 - Fetched 10 articles.
2024-12-09 03:12:14,179 - Analyzing article: https://www.essentiallysports.com/ncaa-colllege-football-news-curt-cignetti-accuses-cfp-of-doing-indiana-dirty-by-bluntly-exposing-their-bias-using-michigan-example/
2024-12-09 03:12:26,968 - Message successfully sent to Telegram group.
2024-12-09 03:28:27,601 - Fetched 10 articles.
2024-12-09 03:28:27,602 - Analyzing article: https://www.essentiallysports.com/ncaa-colllege-football-news-curt-cignetti-accuses-cfp-of-doing-indiana-dirty-by-bluntly-exposing-their-bias-using-michigan-example/
2024-12-09 03:28:48,222 - Message successfully sent to Telegram group.
2024-12-09 03:47:44,182 - Fetched 10 articles.
2024-12-09 03:47:44,183 - Analyzing article: https://www.essentiallysports.com/ncaa-colllege-football-news-curt-cignetti-accuses-cfp-of-doing-indiana-dirty-by-bluntly-exposing-their-bias-using-michigan-example/
2024-12-09 03:47:55,525 - Message successfully sent to Telegram group.
2024-12-09 03:52:55,526 - Analyzing article: https://www.essentiallysports.com/golf-news-liv-golfs-great-example-to-cause-worry-for-pga-tour-despite-greg-normans-exit-latest-insight-unveils-new-hope/
2024-12-09 03:53:17,347 - Message successfully sent to Telegram group.
2024-12-09 03:58:17,356 - Analyzing article: https://www.essentiallysports.com/wta-tennis-news-coco-gauff-finds-apt-real-life-example-to-unveil-her-true-feelings-as-she-confesses-the-struggles-of-training/
2024-12-09 03:58:28,030 - Message successfully sent to Telegram group.
2024-12-09 04:03:28,031 - Analyzing article: https://www.phonearena.com/news/mint-mobile-makes-a-donation-on-giving-tuesday_id165620
2024-12-09 04:03:38,756 - Message successfully sent to Telegram group.
2024-12-09 04:08:38,757 - Analyzing article: https://www.chicagotribune.com/2024/12/05/college-football-john-sullivan-north-central/
2024-12-09 04:08:39,232 - Error extracting article: Article `download()` failed with 403 Client Error: Forbidden for url: https://www.chicagotribune.com/2024/12/05/college-football-john-sullivan-north-central/ on URL https://www.chicagotribune.com/2024/12/05/college-football-john-sullivan-north-central/
2024-12-09 04:13:39,233 - Analyzing article: https://www.essentiallysports.com/wta-tennis-news-didnt-want-to-get-off-the-court-venus-and-serena-williams-ex-coach-shares-nostalgic-example-of-iconic-sisters-relentless-dedication/
2024-12-09 04:13:46,362 - Error extracting article: Article `download()` failed with HTTPSConnectionPool(host='www.essentiallysports.com', port=443): Read timed out. (read timeout=7) on URL https://www.essentiallysports.com/wta-tennis-news-didnt-want-to-get-off-the-court-venus-and-serena-williams-ex-coach-shares-nostalgic-example-of-iconic-sisters-relentless-dedication/
2024-12-09 04:18:46,362 - Analyzing article: https://www.rawstory.com/critical-race-theory-takes-heat-from-gop-lawmakers-on-house-education-panel/
2024-12-09 04:18:46,509 - Error extracting article: Article `download()` failed with 403 Client Error: Forbidden for url: https://www.rawstory.com/critical-race-theory-takes-heat-from-gop-lawmakers-on-house-education-panel/ on URL https://www.rawstory.com/critical-race-theory-takes-heat-from-gop-lawmakers-on-house-education-panel/
2024-12-09 04:23:46,509 - Analyzing article: https://www.nbcboston.com/news/sports/nhl/boston-bruins/nikita-zadorov-lucas-raymond-red-wings-highlights/3567837/
2024-12-09 04:23:59,015 - Message successfully sent to Telegram group.
2024-12-09 04:28:59,035 - Analyzing article: https://www.dallasnews.com/opinion/public-editor/2024/12/04/gender-affirming-care-and-other-controversial-language/
2024-12-09 04:29:10,978 - Message successfully sent to Telegram group.
2024-12-09 04:34:10,979 - Analyzing article: https://www.cnbc.com/2024/12/03/single-women-are-looking-for-a-golden-retriever-boyfriend-in-2025.html
2024-12-09 04:34:19,497 - Message successfully sent to Telegram group.
2024-12-09 04:39:20,004 - Fetched 10 articles.
2024-12-09 04:39:20,005 - Article https://www.essentiallysports.com/ncaa-colllege-football-news-curt-cignetti-accuses-cfp-of-doing-indiana-dirty-by-bluntly-exposing-their-bias-using-michigan-example/ already sent. Skipping...
2024-12-09 04:39:20,005 - Article https://www.essentiallysports.com/golf-news-liv-golfs-great-example-to-cause-worry-for-pga-tour-despite-greg-normans-exit-latest-insight-unveils-new-hope/ already sent. Skipping...
2024-12-09 04:39:20,005 - Article https://www.essentiallysports.com/wta-tennis-news-coco-gauff-finds-apt-real-life-example-to-unveil-her-true-feelings-as-she-confesses-the-struggles-of-training/ already sent. Skipping...
2024-12-09 04:39:20,005 - Article https://www.phonearena.com/news/mint-mobile-makes-a-donation-on-giving-tuesday_id165620 already sent. Skipping...
2024-12-09 04:39:20,005 - Analyzing article: https://www.chicagotribune.com/2024/12/05/college-football-john-sullivan-north-central/
2024-12-09 04:39:20,496 - Error extracting article: Article `download()` failed with 403 Client Error: Forbidden for url: https://www.chicagotribune.com/2024/12/05/college-football-john-sullivan-north-central/ on URL https://www.chicagotribune.com/2024/12/05/college-football-john-sullivan-north-central/
2024-12-09 04:44:20,497 - Analyzing article: https://www.essentiallysports.com/wta-tennis-news-didnt-want-to-get-off-the-court-venus-and-serena-williams-ex-coach-shares-nostalgic-example-of-iconic-sisters-relentless-dedication/
2024-12-09 04:44:27,625 - Error extracting article: Article `download()` failed with HTTPSConnectionPool(host='www.essentiallysports.com', port=443): Read timed out. (read timeout=7) on URL https://www.essentiallysports.com/wta-tennis-news-didnt-want-to-get-off-the-court-venus-and-serena-williams-ex-coach-shares-nostalgic-example-of-iconic-sisters-relentless-dedication/
2024-12-09 04:49:27,626 - Analyzing article: https://www.rawstory.com/critical-race-theory-takes-heat-from-gop-lawmakers-on-house-education-panel/
2024-12-09 04:49:27,755 - Error extracting article: Article `download()` failed with 403 Client Error: Forbidden for url: https://www.rawstory.com/critical-race-theory-takes-heat-from-gop-lawmakers-on-house-education-panel/ on URL https://www.rawstory.com/critical-race-theory-takes-heat-from-gop-lawmakers-on-house-education-panel/
2024-12-09 04:54:27,756 - Article https://www.nbcboston.com/news/sports/nhl/boston-bruins/nikita-zadorov-lucas-raymond-red-wings-highlights/3567837/ already sent. Skipping...
2024-12-09 04:54:27,756 - Article https://www.dallasnews.com/opinion/public-editor/2024/12/04/gender-affirming-care-and-other-controversial-language/ already sent. Skipping...
2024-12-09 04:54:27,756 - Article https://www.cnbc.com/2024/12/03/single-women-are-looking-for-a-golden-retriever-boyfriend-in-2025.html already sent. Skipping...
2024-12-09 04:54:29,455 - Fetched 10 articles.
2024-12-09 04:54:29,456 - Article https://www.essentiallysports.com/ncaa-colllege-football-news-curt-cignetti-accuses-cfp-of-doing-indiana-dirty-by-bluntly-exposing-their-bias-using-michigan-example/ already sent. Skipping...
2024-12-09 04:54:29,456 - Article https://www.essentiallysports.com/golf-news-liv-golfs-great-example-to-cause-worry-for-pga-tour-despite-greg-normans-exit-latest-insight-unveils-new-hope/ already sent. Skipping...
2024-12-09 04:54:29,456 - Article https://www.essentiallysports.com/wta-tennis-news-coco-gauff-finds-apt-real-life-example-to-unveil-her-true-feelings-as-she-confesses-the-struggles-of-training/ already sent. Skipping...
2024-12-09 04:54:29,456 - Article https://www.phonearena.com/news/mint-mobile-makes-a-donation-on-giving-tuesday_id165620 already sent. Skipping...
2024-12-09 04:54:29,456 - Analyzing article: https://www.chicagotribune.com/2024/12/05/college-football-john-sullivan-north-central/
2024-12-09 04:54:29,772 - Error extracting article: Article `download()` failed with 403 Client Error: Forbidden for url: https://www.chicagotribune.com/2024/12/05/college-football-john-sullivan-north-central/ on URL https://www.chicagotribune.com/2024/12/05/college-football-john-sullivan-north-central/
2024-12-09 04:59:29,773 - Analyzing article: https://www.essentiallysports.com/wta-tennis-news-didnt-want-to-get-off-the-court-venus-and-serena-williams-ex-coach-shares-nostalgic-example-of-iconic-sisters-relentless-dedication/
2024-12-09 04:59:36,904 - Error extracting article: Article `download()` failed with HTTPSConnectionPool(host='www.essentiallysports.com', port=443): Read timed out. (read timeout=7) on URL https://www.essentiallysports.com/wta-tennis-news-didnt-want-to-get-off-the-court-venus-and-serena-williams-ex-coach-shares-nostalgic-example-of-iconic-sisters-relentless-dedication/
2024-12-09 14:23:07,695 - Fetched 10 articles.
2024-12-09 14:23:07,696 - Article https://www.essentiallysports.com/ncaa-colllege-football-news-curt-cignetti-accuses-cfp-of-doing-indiana-dirty-by-bluntly-exposing-their-bias-using-michigan-example/ already sent. Skipping...
2024-12-09 14:23:07,696 - Article https://www.essentiallysports.com/golf-news-liv-golfs-great-example-to-cause-worry-for-pga-tour-despite-greg-normans-exit-latest-insight-unveils-new-hope/ already sent. Skipping...
2024-12-09 14:23:07,696 - Article https://www.essentiallysports.com/wta-tennis-news-coco-gauff-finds-apt-real-life-example-to-unveil-her-true-feelings-as-she-confesses-the-struggles-of-training/ already sent. Skipping...
2024-12-09 14:23:07,696 - Article https://www.phonearena.com/news/mint-mobile-makes-a-donation-on-giving-tuesday_id165620 already sent. Skipping...
2024-12-09 14:23:07,696 - Analyzing article: https://www.chicagotribune.com/2024/12/05/college-football-john-sullivan-north-central/
2024-12-09 14:23:09,229 - Error extracting article: Article `download()` failed with 403 Client Error: Forbidden for url: https://www.chicagotribune.com/2024/12/05/college-football-john-sullivan-north-central/ on URL https://www.chicagotribune.com/2024/12/05/college-football-john-sullivan-north-central/
2024-12-09 14:24:11,317 - Fetched 10 articles.
2024-12-09 14:24:11,318 - Article https://www.essentiallysports.com/ncaa-colllege-football-news-curt-cignetti-accuses-cfp-of-doing-indiana-dirty-by-bluntly-exposing-their-bias-using-michigan-example/ already sent. Skipping...
2024-12-09 14:24:11,318 - Article https://www.essentiallysports.com/golf-news-liv-golfs-great-example-to-cause-worry-for-pga-tour-despite-greg-normans-exit-latest-insight-unveils-new-hope/ already sent. Skipping...
2024-12-09 14:24:11,318 - Article https://www.essentiallysports.com/wta-tennis-news-coco-gauff-finds-apt-real-life-example-to-unveil-her-true-feelings-as-she-confesses-the-struggles-of-training/ already sent. Skipping...
2024-12-09 14:24:11,318 - Article https://www.phonearena.com/news/mint-mobile-makes-a-donation-on-giving-tuesday_id165620 already sent. Skipping...
2024-12-09 14:24:11,318 - Analyzing article: https://www.chicagotribune.com/2024/12/05/college-football-john-sullivan-north-central/
2024-12-09 14:24:11,701 - Error extracting article: Article `download()` failed with 403 Client Error: Forbidden for url: https://www.chicagotribune.com/2024/12/05/college-football-john-sullivan-north-central/ on URL https://www.chicagotribune.com/2024/12/05/college-football-john-sullivan-north-central/
2024-12-09 14:24:31,702 - Analyzing article: https://www.essentiallysports.com/wta-tennis-news-didnt-want-to-get-off-the-court-venus-and-serena-williams-ex-coach-shares-nostalgic-example-of-iconic-sisters-relentless-dedication/
2024-12-09 14:24:44,369 - Message successfully sent to Telegram group.
2024-12-09 14:25:04,370 - Analyzing article: https://www.rawstory.com/critical-race-theory-takes-heat-from-gop-lawmakers-on-house-education-panel/
2024-12-09 14:25:04,859 - Error extracting article: Article `download()` failed with 403 Client Error: Forbidden for url: https://www.rawstory.com/critical-race-theory-takes-heat-from-gop-lawmakers-on-house-education-panel/ on URL https://www.rawstory.com/critical-race-theory-takes-heat-from-gop-lawmakers-on-house-education-panel/
2024-12-09 14:27:39,428 - Fetched 10 articles.
2024-12-09 14:27:39,428 - Article https://www.essentiallysports.com/ncaa-colllege-football-news-curt-cignetti-accuses-cfp-of-doing-indiana-dirty-by-bluntly-exposing-their-bias-using-michigan-example/ already sent. Skipping...
2024-12-09 14:27:39,428 - Article https://www.essentiallysports.com/golf-news-liv-golfs-great-example-to-cause-worry-for-pga-tour-despite-greg-normans-exit-latest-insight-unveils-new-hope/ already sent. Skipping...
2024-12-09 14:27:39,428 - Article https://www.essentiallysports.com/wta-tennis-news-coco-gauff-finds-apt-real-life-example-to-unveil-her-true-feelings-as-she-confesses-the-struggles-of-training/ already sent. Skipping...
2024-12-09 14:27:39,428 - Article https://www.phonearena.com/news/mint-mobile-makes-a-donation-on-giving-tuesday_id165620 already sent. Skipping...
2024-12-09 14:27:39,429 - Analyzing article: https://www.chicagotribune.com/2024/12/05/college-football-john-sullivan-north-central/
2024-12-09 14:27:39,872 - Error extracting article: Article `download()` failed with 403 Client Error: Forbidden for url: https://www.chicagotribune.com/2024/12/05/college-football-john-sullivan-north-central/ on URL https://www.chicagotribune.com/2024/12/05/college-football-john-sullivan-north-central/
2024-12-09 14:27:59,873 - Article https://www.essentiallysports.com/wta-tennis-news-didnt-want-to-get-off-the-court-venus-and-serena-williams-ex-coach-shares-nostalgic-example-of-iconic-sisters-relentless-dedication/ already sent. Skipping...
2024-12-09 14:27:59,873 - Analyzing article: https://www.rawstory.com/critical-race-theory-takes-heat-from-gop-lawmakers-on-house-education-panel/
2024-12-09 14:28:00,346 - Error extracting article: Article `download()` failed with 403 Client Error: Forbidden for url: https://www.rawstory.com/critical-race-theory-takes-heat-from-gop-lawmakers-on-house-education-panel/ on URL https://www.rawstory.com/critical-race-theory-takes-heat-from-gop-lawmakers-on-house-education-panel/
2024-12-09 14:28:20,347 - Article https://www.nbcboston.com/news/sports/nhl/boston-bruins/nikita-zadorov-lucas-raymond-red-wings-highlights/3567837/ already sent. Skipping...
2024-12-09 14:28:20,347 - Article https://www.dallasnews.com/opinion/public-editor/2024/12/04/gender-affirming-care-and-other-controversial-language/ already sent. Skipping...
2024-12-09 14:28:20,347 - Article https://www.cnbc.com/2024/12/03/single-women-are-looking-for-a-golden-retriever-boyfriend-in-2025.html already sent. Skipping...
2024-12-09 14:28:20,938 - Fetched 10 articles.
2024-12-09 14:28:20,939 - Article https://www.essentiallysports.com/ncaa-colllege-football-news-curt-cignetti-accuses-cfp-of-doing-indiana-dirty-by-bluntly-exposing-their-bias-using-michigan-example/ already sent. Skipping...
2024-12-09 14:28:20,939 - Article https://www.essentiallysports.com/golf-news-liv-golfs-great-example-to-cause-worry-for-pga-tour-despite-greg-normans-exit-latest-insight-unveils-new-hope/ already sent. Skipping...
2024-12-09 14:28:20,939 - Article https://www.essentiallysports.com/wta-tennis-news-coco-gauff-finds-apt-real-life-example-to-unveil-her-true-feelings-as-she-confesses-the-struggles-of-training/ already sent. Skipping...
2024-12-09 14:28:20,939 - Article https://www.phonearena.com/news/mint-mobile-makes-a-donation-on-giving-tuesday_id165620 already sent. Skipping...
2024-12-09 14:28:20,939 - Analyzing article: https://www.chicagotribune.com/2024/12/05/college-football-john-sullivan-north-central/
2024-12-09 14:28:21,241 - Error extracting article: Article `download()` failed with 403 Client Error: Forbidden for url: https://www.chicagotribune.com/2024/12/05/college-football-john-sullivan-north-central/ on URL https://www.chicagotribune.com/2024/12/05/college-football-john-sullivan-north-central/
2024-12-09 14:28:41,242 - Article https://www.essentiallysports.com/wta-tennis-news-didnt-want-to-get-off-the-court-venus-and-serena-williams-ex-coach-shares-nostalgic-example-of-iconic-sisters-relentless-dedication/ already sent. Skipping...
2024-12-09 14:28:41,242 - Analyzing article: https://www.rawstory.com/critical-race-theory-takes-heat-from-gop-lawmakers-on-house-education-panel/
2024-12-09 14:28:41,678 - Error extracting article: Article `download()` failed with 403 Client Error: Forbidden for url: https://www.rawstory.com/critical-race-theory-takes-heat-from-gop-lawmakers-on-house-education-panel/ on URL https://www.rawstory.com/critical-race-theory-takes-heat-from-gop-lawmakers-on-house-education-panel/
2024-12-09 14:29:09,831 - Fetched 10 articles.
2024-12-09 14:29:09,832 - Article https://www.essentiallysports.com/ncaa-colllege-football-news-curt-cignetti-accuses-cfp-of-doing-indiana-dirty-by-bluntly-exposing-their-bias-using-michigan-example/ already sent. Skipping...
2024-12-09 14:29:09,832 - Article https://www.essentiallysports.com/golf-news-liv-golfs-great-example-to-cause-worry-for-pga-tour-despite-greg-normans-exit-latest-insight-unveils-new-hope/ already sent. Skipping...
2024-12-09 14:29:09,832 - Article https://www.essentiallysports.com/wta-tennis-news-coco-gauff-finds-apt-real-life-example-to-unveil-her-true-feelings-as-she-confesses-the-struggles-of-training/ already sent. Skipping...
2024-12-09 14:29:09,832 - Article https://www.phonearena.com/news/mint-mobile-makes-a-donation-on-giving-tuesday_id165620 already sent. Skipping...
2024-12-09 14:29:09,832 - Analyzing article: https://www.chicagotribune.com/2024/12/05/college-football-john-sullivan-north-central/
2024-12-09 14:29:10,192 - Error extracting article: Article `download()` failed with 403 Client Error: Forbidden for url: https://www.chicagotribune.com/2024/12/05/college-football-john-sullivan-north-central/ on URL https://www.chicagotribune.com/2024/12/05/college-football-john-sullivan-north-central/
2024-12-09 14:30:00,984 - Fetched 10 articles.
2024-12-09 14:30:00,984 - Article https://www.essentiallysports.com/ncaa-colllege-football-news-curt-cignetti-accuses-cfp-of-doing-indiana-dirty-by-bluntly-exposing-their-bias-using-michigan-example/ already sent. Skipping...
2024-12-09 14:30:00,985 - Article https://www.essentiallysports.com/golf-news-liv-golfs-great-example-to-cause-worry-for-pga-tour-despite-greg-normans-exit-latest-insight-unveils-new-hope/ already sent. Skipping...
2024-12-09 14:30:00,985 - Article https://www.essentiallysports.com/wta-tennis-news-coco-gauff-finds-apt-real-life-example-to-unveil-her-true-feelings-as-she-confesses-the-struggles-of-training/ already sent. Skipping...
2024-12-09 14:30:00,985 - Article https://www.phonearena.com/news/mint-mobile-makes-a-donation-on-giving-tuesday_id165620 already sent. Skipping...
2024-12-09 14:30:00,985 - Analyzing article: https://www.chicagotribune.com/2024/12/05/college-football-john-sullivan-north-central/
2024-12-09 14:30:01,287 - Error extracting article: Article `download()` failed with 403 Client Error: Forbidden for url: https://www.chicagotribune.com/2024/12/05/college-football-john-sullivan-north-central/ on URL https://www.chicagotribune.com/2024/12/05/college-football-john-sullivan-north-central/
2024-12-09 14:33:40,729 - Fetched 10 articles.
2024-12-09 14:33:40,730 - Article https://www.essentiallysports.com/ncaa-colllege-football-news-curt-cignetti-accuses-cfp-of-doing-indiana-dirty-by-bluntly-exposing-their-bias-using-michigan-example/ already sent. Skipping...
2024-12-09 14:33:40,730 - Article https://www.essentiallysports.com/golf-news-liv-golfs-great-example-to-cause-worry-for-pga-tour-despite-greg-normans-exit-latest-insight-unveils-new-hope/ already sent. Skipping...
2024-12-09 14:33:40,730 - Article https://www.essentiallysports.com/wta-tennis-news-coco-gauff-finds-apt-real-life-example-to-unveil-her-true-feelings-as-she-confesses-the-struggles-of-training/ already sent. Skipping...
2024-12-09 14:33:40,730 - Article https://www.phonearena.com/news/mint-mobile-makes-a-donation-on-giving-tuesday_id165620 already sent. Skipping...
2024-12-09 14:33:40,730 - Analyzing article: https://www.chicagotribune.com/2024/12/05/college-football-john-sullivan-north-central/
2024-12-09 14:33:42,527 - Error extracting article: Article `download()` failed with 403 Client Error: Forbidden for url: https://www.chicagotribune.com/2024/12/05/college-football-john-sullivan-north-central/ on URL https://www.chicagotribune.com/2024/12/05/college-football-john-sullivan-north-central/
2024-12-09 14:34:02,528 - Article https://www.essentiallysports.com/wta-tennis-news-didnt-want-to-get-off-the-court-venus-and-serena-williams-ex-coach-shares-nostalgic-example-of-iconic-sisters-relentless-dedication/ already sent. Skipping...
2024-12-09 14:34:02,528 - Analyzing article: https://www.rawstory.com/critical-race-theory-takes-heat-from-gop-lawmakers-on-house-education-panel/
2024-12-09 14:34:05,886 - Error extracting article: Article `download()` failed with 403 Client Error: Forbidden for url: https://www.rawstory.com/critical-race-theory-takes-heat-from-gop-lawmakers-on-house-education-panel/ on URL https://www.rawstory.com/critical-race-theory-takes-heat-from-gop-lawmakers-on-house-education-panel/
2024-12-09 14:34:25,886 - Article https://www.nbcboston.com/news/sports/nhl/boston-bruins/nikita-zadorov-lucas-raymond-red-wings-highlights/3567837/ already sent. Skipping...
2024-12-09 14:34:25,886 - Article https://www.dallasnews.com/opinion/public-editor/2024/12/04/gender-affirming-care-and-other-controversial-language/ already sent. Skipping...
2024-12-09 14:34:25,886 - Article https://www.cnbc.com/2024/12/03/single-women-are-looking-for-a-golden-retriever-boyfriend-in-2025.html already sent. Skipping...
2024-12-09 14:34:27,970 - Fetched 10 articles.
2024-12-09 14:34:27,971 - Article https://www.essentiallysports.com/ncaa-colllege-football-news-curt-cignetti-accuses-cfp-of-doing-indiana-dirty-by-bluntly-exposing-their-bias-using-michigan-example/ already sent. Skipping...
2024-12-09 14:34:27,971 - Article https://www.essentiallysports.com/golf-news-liv-golfs-great-example-to-cause-worry-for-pga-tour-despite-greg-normans-exit-latest-insight-unveils-new-hope/ already sent. Skipping...
2024-12-09 14:34:27,971 - Article https://www.essentiallysports.com/wta-tennis-news-coco-gauff-finds-apt-real-life-example-to-unveil-her-true-feelings-as-she-confesses-the-struggles-of-training/ already sent. Skipping...
2024-12-09 14:34:27,971 - Article https://www.phonearena.com/news/mint-mobile-makes-a-donation-on-giving-tuesday_id165620 already sent. Skipping...
2024-12-09 14:34:27,971 - Analyzing article: https://www.chicagotribune.com/2024/12/05/college-football-john-sullivan-north-central/
2024-12-09 14:34:29,412 - Error extracting article: Article `download()` failed with 403 Client Error: Forbidden for url: https://www.chicagotribune.com/2024/12/05/college-football-john-sullivan-north-central/ on URL https://www.chicagotribune.com/2024/12/05/college-football-john-sullivan-north-central/
2024-12-09 14:34:49,412 - Article https://www.essentiallysports.com/wta-tennis-news-didnt-want-to-get-off-the-court-venus-and-serena-williams-ex-coach-shares-nostalgic-example-of-iconic-sisters-relentless-dedication/ already sent. Skipping...
2024-12-09 14:34:49,412 - Analyzing article: https://www.rawstory.com/critical-race-theory-takes-heat-from-gop-lawmakers-on-house-education-panel/
2024-12-09 14:34:50,847 - Error extracting article: Article `download()` failed with 403 Client Error: Forbidden for url: https://www.rawstory.com/critical-race-theory-takes-heat-from-gop-lawmakers-on-house-education-panel/ on URL https://www.rawstory.com/critical-race-theory-takes-heat-from-gop-lawmakers-on-house-education-panel/
2024-12-09 14:35:10,848 - Article https://www.nbcboston.com/news/sports/nhl/boston-bruins/nikita-zadorov-lucas-raymond-red-wings-highlights/3567837/ already sent. Skipping...
2024-12-09 14:35:10,848 - Article https://www.dallasnews.com/opinion/public-editor/2024/12/04/gender-affirming-care-and-other-controversial-language/ already sent. Skipping...
2024-12-09 14:35:10,848 - Article https://www.cnbc.com/2024/12/03/single-women-are-looking-for-a-golden-retriever-boyfriend-in-2025.html already sent. Skipping...
2024-12-09 14:35:12,537 - Fetched 10 articles.
2024-12-09 14:35:12,538 - Article https://www.essentiallysports.com/ncaa-colllege-football-news-curt-cignetti-accuses-cfp-of-doing-indiana-dirty-by-bluntly-exposing-their-bias-using-michigan-example/ already sent. Skipping...
2024-12-09 14:35:12,538 - Article https://www.essentiallysports.com/golf-news-liv-golfs-great-example-to-cause-worry-for-pga-tour-despite-greg-normans-exit-latest-insight-unveils-new-hope/ already sent. Skipping...
2024-12-09 14:35:12,538 - Article https://www.essentiallysports.com/wta-tennis-news-coco-gauff-finds-apt-real-life-example-to-unveil-her-true-feelings-as-she-confesses-the-struggles-of-training/ already sent. Skipping...
2024-12-09 14:35:12,538 - Article https://www.phonearena.com/news/mint-mobile-makes-a-donation-on-giving-tuesday_id165620 already sent. Skipping...
2024-12-09 14:35:12,538 - Analyzing article: https://www.chicagotribune.com/2024/12/05/college-football-john-sullivan-north-central/
2024-12-09 14:35:13,898 - Error extracting article: Article `download()` failed with 403 Client Error: Forbidden for url: https://www.chicagotribune.com/2024/12/05/college-football-john-sullivan-north-central/ on URL https://www.chicagotribune.com/2024/12/05/college-football-john-sullivan-north-central/
2024-12-09 14:35:33,898 - Article https://www.essentiallysports.com/wta-tennis-news-didnt-want-to-get-off-the-court-venus-and-serena-williams-ex-coach-shares-nostalgic-example-of-iconic-sisters-relentless-dedication/ already sent. Skipping...
2024-12-09 14:35:33,898 - Analyzing article: https://www.rawstory.com/critical-race-theory-takes-heat-from-gop-lawmakers-on-house-education-panel/
2024-12-09 14:35:35,519 - Error extracting article: Article `download()` failed with 403 Client Error: Forbidden for url: https://www.rawstory.com/critical-race-theory-takes-heat-from-gop-lawmakers-on-house-education-panel/ on URL https://www.rawstory.com/critical-race-theory-takes-heat-from-gop-lawmakers-on-house-education-panel/
2024-12-09 14:35:55,520 - Article https://www.nbcboston.com/news/sports/nhl/boston-bruins/nikita-zadorov-lucas-raymond-red-wings-highlights/3567837/ already sent. Skipping...
2024-12-09 14:35:55,520 - Article https://www.dallasnews.com/opinion/public-editor/2024/12/04/gender-affirming-care-and-other-controversial-language/ already sent. Skipping...
2024-12-09 14:35:55,520 - Article https://www.cnbc.com/2024/12/03/single-women-are-looking-for-a-golden-retriever-boyfriend-in-2025.html already sent. Skipping...
2024-12-09 14:35:57,783 - Fetched 10 articles.
2024-12-09 14:35:57,783 - Article https://www.essentiallysports.com/ncaa-colllege-football-news-curt-cignetti-accuses-cfp-of-doing-indiana-dirty-by-bluntly-exposing-their-bias-using-michigan-example/ already sent. Skipping...
2024-12-09 14:35:57,783 - Article https://www.essentiallysports.com/golf-news-liv-golfs-great-example-to-cause-worry-for-pga-tour-despite-greg-normans-exit-latest-insight-unveils-new-hope/ already sent. Skipping...
2024-12-09 14:35:57,783 - Article https://www.essentiallysports.com/wta-tennis-news-coco-gauff-finds-apt-real-life-example-to-unveil-her-true-feelings-as-she-confesses-the-struggles-of-training/ already sent. Skipping...
2024-12-09 14:35:57,783 - Article https://www.phonearena.com/news/mint-mobile-makes-a-donation-on-giving-tuesday_id165620 already sent. Skipping...
2024-12-09 14:35:57,783 - Analyzing article: https://www.chicagotribune.com/2024/12/05/college-football-john-sullivan-north-central/
2024-12-09 14:35:59,389 - Error extracting article: Article `download()` failed with 403 Client Error: Forbidden for url: https://www.chicagotribune.com/2024/12/05/college-football-john-sullivan-north-central/ on URL https://www.chicagotribune.com/2024/12/05/college-football-john-sullivan-north-central/
2024-12-09 14:39:09,816 - Fetched 10 articles.
2024-12-09 14:39:09,817 - Article https://www.essentiallysports.com/ncaa-colllege-football-news-curt-cignetti-accuses-cfp-of-doing-indiana-dirty-by-bluntly-exposing-their-bias-using-michigan-example/ already sent. Skipping...
2024-12-09 14:39:09,817 - Article https://www.essentiallysports.com/golf-news-liv-golfs-great-example-to-cause-worry-for-pga-tour-despite-greg-normans-exit-latest-insight-unveils-new-hope/ already sent. Skipping...
2024-12-09 14:39:09,817 - Article https://www.essentiallysports.com/wta-tennis-news-coco-gauff-finds-apt-real-life-example-to-unveil-her-true-feelings-as-she-confesses-the-struggles-of-training/ already sent. Skipping...
2024-12-09 14:39:09,817 - Article https://www.phonearena.com/news/mint-mobile-makes-a-donation-on-giving-tuesday_id165620 already sent. Skipping...
2024-12-09 14:39:09,817 - Analyzing article: https://www.chicagotribune.com/2024/12/05/college-football-john-sullivan-north-central/
2024-12-09 14:39:10,437 - Error extracting article: Article `download()` failed with 403 Client Error: Forbidden for url: https://www.chicagotribune.com/2024/12/05/college-football-john-sullivan-north-central/ on URL https://www.chicagotribune.com/2024/12/05/college-football-john-sullivan-north-central/
